<?xml version="1.0" encoding="UTF-8"?>
<!-- Generated by org.testng.reporters.JUnitReportReporter -->
<testsuite hostname="DESKTOP-OIT7ALM" failures="0" tests="3" name="com.itview.testng.AllAnnotations" time="0.006" errors="0" timestamp="2022-10-02T12:59:54 IST" skipped="0">
  <testcase classname="com.itview.testng.AllAnnotations" name="Test2" time="0.000"/>
  <system-out/>
  <testcase classname="com.itview.testng.AllAnnotations" name="Test1" time="0.005"/>
  <system-out/>
  <testcase classname="com.itview.testng.AllAnnotations" name="Test3" time="0.001"/>
  <system-out/>
</testsuite> <!-- com.itview.testng.AllAnnotations -->
