<?xml version="1.0" encoding="UTF-8"?>
<!-- Generated by org.testng.reporters.JUnitReportReporter -->
<testsuite hostname="DESKTOP-OIT7ALM" failures="0" tests="2" name="com.itview.testing.HardAssert" time="6.116" errors="0" timestamp="2022-10-02T12:38:06 IST" skipped="0">
  <testcase classname="com.itview.testing.HardAssert" name="loginAdmin" time="2.099"/>
  <system-out/>
  <testcase classname="com.itview.testing.HardAssert" name="logoutAdmin" time="4.017"/>
  <system-out/>
</testsuite> <!-- com.itview.testing.HardAssert -->
