<?xml version="1.0" encoding="UTF-8"?>
<!-- Generated by org.testng.reporters.JUnitReportReporter -->
<testsuite hostname="DESKTOP-OIT7ALM" failures="0" tests="1" name="com.selenium.Web_Object.Code_For_IFrame_3" time="9.927" errors="0" timestamp="2022-10-15T13:32:38 IST" skipped="0">
  <testcase classname="com.selenium.Web_Object.Code_For_IFrame_3" name="Code_For_IFrame_Test" time="9.927"/>
  <system-out/>
</testsuite> <!-- com.selenium.Web_Object.Code_For_IFrame_3 -->
