<?xml version="1.0" encoding="UTF-8"?>
<!-- Generated by org.testng.reporters.JUnitReportReporter -->
<testsuite hostname="DESKTOP-OIT7ALM" failures="0" tests="1" name="com.selenium.Web_Object.Code_For_navigate_4" time="39.040" errors="0" timestamp="2022-10-08T13:38:51 IST" skipped="0">
  <testcase classname="com.selenium.Web_Object.Code_For_navigate_4" name="Code_For_navigate" time="39.040"/>
  <system-out/>
</testsuite> <!-- com.selenium.Web_Object.Code_For_navigate_4 -->
