<?xml version="1.0" encoding="UTF-8"?>
<!-- Generated by org.testng.reporters.JUnitReportReporter -->
<testsuite hostname="DESKTOP-OIT7ALM" failures="0" tests="1" name="com.itview.testcases.CreditCard_Test" time="9.037" errors="0" timestamp="2022-10-16T14:22:52 IST" skipped="0">
  <testcase classname="com.itview.testcases.CreditCard_Test" name="outstanding_20000" time="9.037"/>
  <system-out/>
</testsuite> <!-- com.itview.testcases.CreditCard_Test -->
