<?xml version="1.0" encoding="UTF-8"?>
<!-- Generated by org.testng.reporters.JUnitReportReporter -->
<testsuite hostname="DESKTOP-OIT7ALM" failures="0" tests="1" name="com.itview.testing.LoinOrangeHRM" time="10.444" errors="0" timestamp="2022-10-01T13:29:26 IST" skipped="0">
  <testcase classname="com.itview.testing.LoinOrangeHRM" name="loginAdmin" time="10.444"/>
  <system-out/>
</testsuite> <!-- com.itview.testing.LoinOrangeHRM -->
