<?xml version="1.0" encoding="UTF-8"?>
<!-- Generated by org.testng.reporters.JUnitReportReporter -->
<testsuite hostname="DESKTOP-OIT7ALM" failures="0" tests="1" name="com.itview.testcases.EducationLoan_Test" time="9.237" errors="0" timestamp="2022-10-16T14:24:20 IST" skipped="0">
  <testcase classname="com.itview.testcases.EducationLoan_Test" name="loanAmount_100000" time="9.237"/>
  <system-out/>
</testsuite> <!-- com.itview.testcases.EducationLoan_Test -->
