<?xml version="1.0" encoding="UTF-8"?>
<!-- Generated by org.testng.reporters.JUnitReportReporter -->
<testsuite hostname="DESKTOP-OIT7ALM" failures="0" tests="1" name="com.selenium.Web_Object.Code_For_Alert_2" time="11.650" errors="0" timestamp="2022-11-05T21:48:08 IST" skipped="0">
  <testcase classname="com.selenium.Web_Object.Code_For_Alert_2" name="Code_For_Alert_Test" time="11.650"/>
  <system-out/>
</testsuite> <!-- com.selenium.Web_Object.Code_For_Alert_2 -->
