<?xml version="1.0" encoding="UTF-8"?>
<!-- Generated by org.testng.reporters.JUnitReportReporter -->
<testsuite hostname="DESKTOP-OIT7ALM" failures="0" tests="6" name="com.itview.testing.LoginTestScenario" time="25.360" errors="0" timestamp="2022-10-16T13:36:28 IST" skipped="0">
  <testcase classname="com.itview.testing.LoginTestScenario" name="loginAdmin" time="4.640"/>
  <system-out/>
  <testcase classname="com.itview.testing.LoginTestScenario" name="loginAdmin" time="5.748"/>
  <system-out/>
  <testcase classname="com.itview.testing.LoginTestScenario" name="loginTuser" time="4.655"/>
  <system-out/>
  <testcase classname="com.itview.testing.LoginTestScenario" name="loginJsmith" time="4.659"/>
  <system-out/>
  <testcase classname="com.itview.testing.LoginTestScenario" name="loginSspeed" time="4.654"/>
  <system-out/>
  <testcase classname="com.itview.testing.LoginTestScenario" name="loginInvalid" time="1.004"/>
  <system-out/>
</testsuite> <!-- com.itview.testing.LoginTestScenario -->
