<?xml version="1.0" encoding="UTF-8"?>
<!-- Generated by org.testng.reporters.JUnitReportReporter -->
<testsuite hostname="DESKTOP-OIT7ALM" failures="0" tests="2" name="com.itview.testing.HardAssertTest" time="6.197" errors="0" timestamp="2022-11-03T17:33:18 IST" skipped="0">
  <testcase classname="com.itview.testing.HardAssertTest" name="loginAdmin" time="2.126"/>
  <system-out/>
  <testcase classname="com.itview.testing.HardAssertTest" name="logoutAdmin" time="4.071"/>
  <system-out/>
</testsuite> <!-- com.itview.testing.HardAssertTest -->
