<?xml version="1.0" encoding="UTF-8"?>
<!-- Generated by org.testng.reporters.JUnitReportReporter -->
<testsuite hostname="DESKTOP-OIT7ALM" failures="0" tests="2" name="com.itview.testing.SoftAssertTest" time="6.529" errors="0" timestamp="2022-10-16T13:36:28 IST" skipped="0">
  <testcase classname="com.itview.testing.SoftAssertTest" name="loginAdmin" time="2.322"/>
  <system-out/>
  <testcase classname="com.itview.testing.SoftAssertTest" name="logoutAdmin" time="4.207"/>
  <system-out/>
</testsuite> <!-- com.itview.testing.SoftAssertTest -->
