<?xml version="1.0" encoding="UTF-8"?>
<!-- Generated by org.testng.reporters.JUnitReportReporter -->
<testsuite hostname="DESKTOP-OIT7ALM" failures="0" tests="3" name="com.itview.testing.Web_Object_Test" time="3.358" errors="0" timestamp="2022-10-16T13:36:28 IST" skipped="0">
  <testcase classname="com.itview.testing.Web_Object_Test" name="handleTextField" time="2.948"/>
  <system-out/>
  <testcase classname="com.itview.testing.Web_Object_Test" name="handleRadiobuttonCheckbox" time="0.166"/>
  <system-out/>
  <testcase classname="com.itview.testing.Web_Object_Test" name="handleDropDownList" time="0.244"/>
  <system-out/>
</testsuite> <!-- com.itview.testing.Web_Object_Test -->
