<?xml version="1.0" encoding="UTF-8"?>
<!-- Generated by org.testng.reporters.JUnitReportReporter -->
<testsuite hostname="DESKTOP-OIT7ALM" failures="0" tests="3" name="com.itview.testing.AllAnnotations" time="0.002" errors="0" timestamp="2022-10-16T13:36:28 IST" skipped="0">
  <testcase classname="com.itview.testing.AllAnnotations" name="Test3" time="0.000"/>
  <system-out/>
  <testcase classname="com.itview.testing.AllAnnotations" name="Test1" time="0.001"/>
  <system-out/>
  <testcase classname="com.itview.testing.AllAnnotations" name="Test2" time="0.001"/>
  <system-out/>
</testsuite> <!-- com.itview.testing.AllAnnotations -->
