<?xml version="1.0" encoding="UTF-8"?>
<!-- Generated by org.testng.reporters.JUnitReportReporter -->
<testsuite hostname="DESKTOP-OIT7ALM" failures="0" tests="1" name="com.selenium.Web_Object.Code_For_CountElements_1" time="5.200" errors="0" timestamp="2022-11-01T15:09:48 IST" skipped="0">
  <testcase classname="com.selenium.Web_Object.Code_For_CountElements_1" name="CountWebElement" time="5.200"/>
  <system-out/>
</testsuite> <!-- com.selenium.Web_Object.Code_For_CountElements_1 -->
